c:\users\morph\documents\github\dumbrockgames\dumbrockengine\dumbrockengine\debug\dumbrockengine.pdb
c:\users\morph\documents\github\dumbrockgames\dumbrockengine\dumbrockengine\debug\dumbrockengine.idb
c:\users\morph\documents\github\dumbrockgames\dumbrockengine\dumbrockengine\debug\resourcemanager.obj
c:\users\morph\documents\github\dumbrockgames\dumbrockengine\dumbrockengine\debug\timer.obj
c:\users\morph\documents\github\dumbrockgames\dumbrockengine\dumbrockengine\debug\window.obj
c:\users\morph\documents\github\dumbrockgames\dumbrockengine\dumbrockengine\debug\openglrenderer.obj
c:\users\morph\documents\github\dumbrockgames\dumbrockengine\dumbrockengine\debug\materialmanager.obj
c:\users\morph\documents\github\dumbrockgames\dumbrockengine\dumbrockengine\debug\modelmanager.obj
c:\users\morph\documents\github\dumbrockgames\dumbrockengine\dumbrockengine\debug\texturemanager.obj
c:\users\morph\documents\github\dumbrockgames\dumbrockengine\dumbrockengine\debug\camera.obj
c:\users\morph\documents\github\dumbrockgames\dumbrockengine\dumbrockengine\debug\frustrum.obj
c:\users\morph\documents\github\dumbrockgames\dumbrockengine\dumbrockengine\debug\spritemanager.obj
c:\users\morph\documents\github\dumbrockgames\dumbrockengine\debug\dumbrockengine.lib
c:\users\morph\documents\github\dumbrockgames\dumbrockengine\debug\dumbrockengine.pdb
c:\users\morph\documents\github\dumbrockgames\dumbrockengine\dumbrockengine\debug\dumbrockengine.tlog\cl.command.1.tlog
c:\users\morph\documents\github\dumbrockgames\dumbrockengine\dumbrockengine\debug\dumbrockengine.tlog\cl.read.1.tlog
c:\users\morph\documents\github\dumbrockgames\dumbrockengine\dumbrockengine\debug\dumbrockengine.tlog\cl.write.1.tlog
c:\users\morph\documents\github\dumbrockgames\dumbrockengine\dumbrockengine\debug\dumbrockengine.tlog\lib-link.read.1.tlog
c:\users\morph\documents\github\dumbrockgames\dumbrockengine\dumbrockengine\debug\dumbrockengine.tlog\lib-link.write.1.tlog
c:\users\morph\documents\github\dumbrockgames\dumbrockengine\dumbrockengine\debug\dumbrockengine.tlog\lib.command.1.tlog
